
> roguelike-shooter@1.0.0 dev
> vite --port 8080 --host 0.0.0.0

Port 8080 is in use, trying another one...

  VITE v7.3.1  ready in 348 ms

  ➜  Local:   http://localhost:8081/
  ➜  Network: http://10.36.17.25:8081/
2:28:46 PM [vite] (client) page reload src/scenes/GameScene.js
2:38:10 PM [vite] (client) page reload src/config/GameConfig.js
2:38:24 PM [vite] (client) page reload src/entities/Player.js
2:38:37 PM [vite] (client) page reload src/entities/Player.js
2:38:52 PM [vite] (client) page reload src/entities/Player.js
2:38:59 PM [vite] (client) page reload src/entities/Player.js
2:39:15 PM [vite] (client) page reload src/entities/Player.js
2:39:24 PM [vite] (client) page reload src/entities/Bullet.js
2:39:40 PM [vite] (client) page reload src/scenes/GameScene.js
2:39:59 PM [vite] (client) page reload src/scenes/GameScene.js
2:40:08 PM [vite] (client) page reload src/scenes/GameScene.js
2:40:30 PM [vite] (client) page reload src/scenes/GameScene.js
2:40:47 PM [vite] (client) page reload src/scenes/GameScene.js
2:40:59 PM [vite] (client) page reload src/scenes/GameScene.js
2:48:46 PM [vite] (client) page reload src/entities/Enemy.js
2:49:01 PM [vite] (client) page reload src/entities/Enemy.js
2:49:26 PM [vite] (client) page reload src/scenes/BootScene.js
